2023-05-08 14:42:18.640 [info] Log level: Info
2023-05-08 14:42:18.640 [info] Validating found git in: "git"
2023-05-08 14:42:18.640 [info] Using git "2.40.1" from "git"
2023-05-08 14:42:18.640 [info] > git rev-parse --show-toplevel [7ms]
2023-05-08 14:42:18.641 [info] > git rev-parse --git-dir --git-common-dir [13ms]
2023-05-08 14:42:18.641 [info] Open repository: /home/emmanuel/Documents/Code/todo-list
2023-05-08 14:42:18.641 [info] > git rev-parse --show-toplevel [14ms]
2023-05-08 14:42:18.641 [info] > git rev-parse --show-toplevel [5ms]
2023-05-08 14:42:18.641 [info] > git config --get commit.template [18ms]
2023-05-08 14:42:18.641 [info] No remotes found in the git config file.
2023-05-08 14:42:18.641 [info] > git for-each-ref --format=%(refname)%00%(upstream:short)%00%(objectname)%00%(upstream:track)%00%(upstream:remotename)%00%(upstream:remoteref) refs/heads/master refs/remotes/master [4ms]
2023-05-08 14:42:18.641 [info] > git status -z -uall [19ms]
2023-05-08 14:42:18.670 [info] > git config --get commit.template [5ms]
2023-05-08 14:42:18.692 [info] No remotes found in the git config file.
2023-05-08 14:42:18.700 [info] > git for-each-ref --format=%(refname)%00%(upstream:short)%00%(objectname)%00%(upstream:track)%00%(upstream:remotename)%00%(upstream:remoteref) refs/heads/master refs/remotes/master [8ms]
2023-05-08 14:42:18.724 [info] > git status -z -uall [5ms]
2023-05-08 14:42:19.068 [info] > git check-ignore -v -z --stdin [3ms]
2023-05-08 14:42:19.567 [info] > git show --textconv :main.js [10ms]
2023-05-08 14:42:19.569 [info] > git ls-files --stage -- /home/emmanuel/Documents/Code/todo-list/main.js [2ms]
2023-05-08 14:42:19.579 [info] > git cat-file -s d3c5b09ae7ca05f5f73cf01902344d0803eea54e [1ms]
2023-05-08 14:43:03.071 [info] > git show --textconv :main.js [12ms]
2023-05-08 14:43:03.074 [info] > git ls-files --stage -- /home/emmanuel/Documents/Code/todo-list/main.js [4ms]
2023-05-08 14:43:03.083 [info] > git cat-file -s d3c5b09ae7ca05f5f73cf01902344d0803eea54e [2ms]
