2023-05-08 15:41:56.837 [info] Log level: Info
2023-05-08 15:41:56.837 [info] Validating found git in: "git"
2023-05-08 15:41:56.837 [info] Using git "2.40.1" from "git"
2023-05-08 15:41:56.837 [info] > git rev-parse --show-toplevel [6ms]
2023-05-08 15:41:56.838 [info] > git rev-parse --git-dir --git-common-dir [2ms]
2023-05-08 15:41:56.854 [info] Open repository: /home/emmanuel/Documents/Code/todo-list
2023-05-08 15:41:56.878 [info] > git rev-parse --show-toplevel [13ms]
2023-05-08 15:41:56.886 [info] > git config --get commit.template [9ms]
2023-05-08 15:41:56.887 [info] > git rev-parse --show-toplevel [2ms]
2023-05-08 15:41:56.898 [info] No remotes found in the git config file.
2023-05-08 15:41:56.900 [info] > git for-each-ref --format=%(refname)%00%(upstream:short)%00%(objectname)%00%(upstream:track)%00%(upstream:remotename)%00%(upstream:remoteref) refs/heads/master refs/remotes/master [4ms]
2023-05-08 15:41:56.920 [info] > git status -z -uall [6ms]
2023-05-08 15:41:56.951 [info] > git config --get commit.template [12ms]
2023-05-08 15:41:56.963 [info] No remotes found in the git config file.
2023-05-08 15:41:56.965 [info] > git for-each-ref --format=%(refname)%00%(upstream:short)%00%(objectname)%00%(upstream:track)%00%(upstream:remotename)%00%(upstream:remoteref) refs/heads/master refs/remotes/master [2ms]
2023-05-08 15:41:57.018 [info] > git status -z -uall [39ms]
2023-05-08 15:41:57.550 [info] > git check-ignore -v -z --stdin [4ms]
2023-05-08 15:41:57.846 [info] > git show --textconv :index.html [10ms]
2023-05-08 15:41:57.847 [info] > git ls-files --stage -- /home/emmanuel/Documents/Code/todo-list/index.html [2ms]
2023-05-08 15:41:57.857 [info] > git cat-file -s cd0f6e76b68eea5dcdccfa7ac4560b72262a49e6 [3ms]
2023-05-08 15:41:58.759 [info] > git show --textconv :main.js [9ms]
2023-05-08 15:41:58.761 [info] > git ls-files --stage -- /home/emmanuel/Documents/Code/todo-list/main.js [2ms]
2023-05-08 15:41:58.769 [info] > git cat-file -s d3c5b09ae7ca05f5f73cf01902344d0803eea54e [1ms]
