2023-05-08 14:38:16.735 [info] Log level: Info
2023-05-08 14:38:16.735 [info] Validating found git in: "git"
2023-05-08 14:38:16.735 [info] Using git "2.40.1" from "git"
2023-05-08 14:38:16.735 [info] > git rev-parse --show-toplevel [7ms]
2023-05-08 14:38:16.767 [info] > git rev-parse --git-dir --git-common-dir [24ms]
2023-05-08 14:38:16.781 [info] Open repository: /home/emmanuel/Documents/Code/safe-api
2023-05-08 14:38:16.815 [info] > git rev-parse --show-toplevel [23ms]
2023-05-08 14:38:16.827 [info] > git rev-parse --show-toplevel [5ms]
2023-05-08 14:38:16.836 [info] > git config --get commit.template [20ms]
2023-05-08 14:38:16.837 [info] > git rev-parse --show-toplevel [3ms]
2023-05-08 14:38:16.851 [info] > git rev-parse --show-toplevel [9ms]
2023-05-08 14:38:16.857 [info] > git for-each-ref --format=%(refname)%00%(upstream:short)%00%(objectname)%00%(upstream:track)%00%(upstream:remotename)%00%(upstream:remoteref) refs/heads/master refs/remotes/master [8ms]
2023-05-08 14:38:16.863 [info] > git rev-parse --show-toplevel [7ms]
2023-05-08 14:38:16.873 [info] > git status -z -uall [11ms]
2023-05-08 14:38:16.874 [info] > git rev-parse --show-toplevel [3ms]
2023-05-08 14:38:16.895 [info] > git rev-parse --show-toplevel [16ms]
2023-05-08 14:38:16.898 [info] > git config --get commit.template [3ms]
2023-05-08 14:38:16.912 [info] > git for-each-ref --format=%(refname)%00%(upstream:short)%00%(objectname)%00%(upstream:track)%00%(upstream:remotename)%00%(upstream:remoteref) refs/heads/master refs/remotes/master [6ms]
2023-05-08 14:38:16.919 [info] > git status -z -uall [2ms]
2023-05-08 14:38:17.333 [info] > git check-ignore -v -z --stdin [2ms]
2023-05-08 14:38:33.289 [info] Log level: Info
2023-05-08 14:38:33.289 [info] Validating found git in: "git"
2023-05-08 14:38:33.289 [info] Using git "2.40.1" from "git"
2023-05-08 14:38:33.298 [info] > git rev-parse --show-toplevel [6ms]
2023-05-08 14:38:33.323 [info] > git rev-parse --git-dir --git-common-dir [7ms]
2023-05-08 14:38:33.339 [info] Open repository: /home/emmanuel/Documents/Code/todo-list
2023-05-08 14:38:33.359 [info] > git rev-parse --show-toplevel [9ms]
2023-05-08 14:38:33.375 [info] > git config --get commit.template [16ms]
2023-05-08 14:38:33.385 [info] No remotes found in the git config file.
2023-05-08 14:38:33.385 [info] > git for-each-ref --format=%(refname)%00%(upstream:short)%00%(objectname)%00%(upstream:track)%00%(upstream:remotename)%00%(upstream:remoteref) refs/heads/master refs/remotes/master [1ms]
2023-05-08 14:38:33.393 [info] > git status -z -uall [2ms]
2023-05-08 14:38:33.406 [info] No remotes found in the git config file.
2023-05-08 14:38:33.407 [info] > git config --get commit.template [6ms]
2023-05-08 14:38:33.407 [info] > git for-each-ref --format=%(refname)%00%(upstream:short)%00%(objectname)%00%(upstream:track)%00%(upstream:remotename)%00%(upstream:remoteref) refs/heads/master refs/remotes/master [1ms]
2023-05-08 14:38:33.414 [info] > git status -z -uall [2ms]
2023-05-08 14:38:33.888 [info] > git check-ignore -v -z --stdin [4ms]
2023-05-08 14:38:38.022 [info] > git show --textconv :main.js [8ms]
2023-05-08 14:38:38.025 [info] > git ls-files --stage -- /home/emmanuel/Documents/Code/todo-list/main.js [3ms]
2023-05-08 14:38:38.033 [info] > git cat-file -s d3c5b09ae7ca05f5f73cf01902344d0803eea54e [2ms]
2023-05-08 14:40:15.118 [info] > git show --textconv :main.js [14ms]
2023-05-08 14:40:15.120 [info] > git ls-files --stage -- /home/emmanuel/Documents/Code/todo-list/main.js [6ms]
2023-05-08 14:40:15.128 [info] > git cat-file -s d3c5b09ae7ca05f5f73cf01902344d0803eea54e [2ms]
2023-05-08 14:40:28.909 [info] > git show --textconv :main.js [10ms]
2023-05-08 14:40:28.911 [info] > git ls-files --stage -- /home/emmanuel/Documents/Code/todo-list/main.js [4ms]
2023-05-08 14:40:28.918 [info] > git cat-file -s d3c5b09ae7ca05f5f73cf01902344d0803eea54e [1ms]
2023-05-08 14:41:49.099 [info] > git check-ignore -v -z --stdin [2ms]
2023-05-08 14:41:49.221 [info] > git config --get commit.template [2ms]
2023-05-08 14:41:49.229 [info] No remotes found in the git config file.
2023-05-08 14:41:49.230 [info] > git for-each-ref --format=%(refname)%00%(upstream:short)%00%(objectname)%00%(upstream:track)%00%(upstream:remotename)%00%(upstream:remoteref) refs/heads/master refs/remotes/master [2ms]
2023-05-08 14:41:49.238 [info] > git status -z -uall [1ms]
