2023-05-08 14:42:01.111 [info] Extension host with pid 5156 started
2023-05-08 14:42:01.111 [info] Skipping acquiring lock for /home/emmanuel/.config/Code - OSS/User/workspaceStorage/d75fb20c395c1363bd8d6b7aac9daec7.
2023-05-08 14:42:01.208 [info] ExtensionService#_doActivateExtension vscode.emmet, startup: false, activationEvent: 'onLanguage'
2023-05-08 14:42:01.241 [info] ExtensionService#_doActivateExtension vscode.git-base, startup: true, activationEvent: '*', root cause: vscode.git
2023-05-08 14:42:01.244 [info] ExtensionService#_doActivateExtension vscode.npm, startup: true, activationEvent: 'workspaceContains:package.json'
2023-05-08 14:42:01.276 [info] ExtensionService#_doActivateExtension vscode.git, startup: true, activationEvent: '*'
2023-05-08 14:42:01.301 [info] ExtensionService#_doActivateExtension vscode.github, startup: true, activationEvent: '*'
2023-05-08 14:42:01.513 [info] Eager extensions activated
2023-05-08 14:42:01.572 [info] ExtensionService#_doActivateExtension vscode.debug-auto-launch, startup: false, activationEvent: 'onStartupFinished'
2023-05-08 14:42:01.575 [info] ExtensionService#_doActivateExtension vscode.merge-conflict, startup: false, activationEvent: 'onStartupFinished'
2023-05-08 14:42:01.649 [info] ExtensionService#_doActivateExtension vscode.typescript-language-features, startup: false, activationEvent: 'onLanguage:javascript'
2023-05-08 14:42:10.466 [info] ExtensionService#_doActivateExtension vscode.json-language-features, startup: false, activationEvent: 'onLanguage:jsonc'
2023-05-08 14:42:13.120 [info] ExtensionService#_doActivateExtension vscode.extension-editing, startup: false, activationEvent: 'onLanguage:json'
2023-05-08 14:42:14.315 [info] Extension host terminating: renderer closed the MessagePort
2023-05-08 14:42:14.328 [error] Canceled: Canceled
	at new l (/usr/lib/code/out/vs/workbench/api/node/extensionHostProcess.js:98:104563)
	at a.O (/usr/lib/code/out/vs/workbench/api/node/extensionHostProcess.js:110:11657)
	at H.<computed>.V.charCodeAt.H.<computed> (/usr/lib/code/out/vs/workbench/api/node/extensionHostProcess.js:110:8947)
	at e.ExtHostCommands.g (/usr/lib/code/out/vs/workbench/api/node/extensionHostProcess.js:98:124729)
	at e.ExtHostCommands.executeCommand (/usr/lib/code/out/vs/workbench/api/node/extensionHostProcess.js:98:124105)
	at C.registerCommand.description (/usr/lib/code/out/vs/workbench/api/node/extensionHostProcess.js:98:123398)
	at e.ExtHostCommands.h (/usr/lib/code/out/vs/workbench/api/node/extensionHostProcess.js:98:125315)
	at e.ExtHostCommands.g (/usr/lib/code/out/vs/workbench/api/node/extensionHostProcess.js:98:124205)
	at e.ExtHostCommands.executeCommand (/usr/lib/code/out/vs/workbench/api/node/extensionHostProcess.js:98:124105)
	at Object.executeCommand (/usr/lib/code/out/vs/workbench/api/node/extensionHostProcess.js:116:24043)
	at D (/usr/lib/code/extensions/git/dist/main.js:2:1259661)
	at v.invoke (/usr/lib/code/out/vs/workbench/api/node/extensionHostProcess.js:63:145)
	at h.deliver (/usr/lib/code/out/vs/workbench/api/node/extensionHostProcess.js:63:2121)
	at i.fire (/usr/lib/code/out/vs/workbench/api/node/extensionHostProcess.js:63:1729)
	at Object.m [as dispose] (/usr/lib/code/extensions/git/dist/main.js:2:1274494)
	at /usr/lib/code/extensions/git/dist/main.js:2:1278940
	at Array.forEach (<anonymous>)
	at g.dispose (/usr/lib/code/extensions/git/dist/main.js:2:1278926)
	at t.<anonymous> (/usr/lib/code/out/vs/workbench/api/node/extensionHostProcess.js:96:12369)
	at t.dispose (/usr/lib/code/out/vs/workbench/api/node/extensionHostProcess.js:96:12504)
	at t.<anonymous> (/usr/lib/code/extensions/git/dist/main.js:2:1261791)
	at t.dispose (/usr/lib/code/out/vs/workbench/api/node/extensionHostProcess.js:96:12504)
	at T (/usr/lib/code/out/vs/workbench/api/node/extensionHostProcess.js:10:12080)
	at v.Y (/usr/lib/code/out/vs/workbench/api/node/extensionHostProcess.js:112:11173)
	at /usr/lib/code/out/vs/workbench/api/node/extensionHostProcess.js:112:9157
	at Array.map (<anonymous>)
	at v.R (/usr/lib/code/out/vs/workbench/api/node/extensionHostProcess.js:112:9144)
	at v.terminate (/usr/lib/code/out/vs/workbench/api/node/extensionHostProcess.js:112:9415)
	at d.terminate (/usr/lib/code/out/vs/workbench/api/node/extensionHostProcess.js:116:1544)
	at g (/usr/lib/code/out/vs/workbench/api/node/extensionHostProcess.js:126:34439)
	at MessagePortMain.<anonymous> (/usr/lib/code/out/vs/workbench/api/node/extensionHostProcess.js:126:30578)
	at MessagePortMain.emit (node:events:513:28)
	at MessagePortMain._internalPort.emit (node:electron/js2c/utility_init:2:367) setContext undefined
2023-05-08 14:42:14.329 [info] Extension host with pid 5156 exiting with code 0
