2023-05-07 20:40:53.907 [info] Log level: Info
2023-05-07 20:40:53.907 [info] Validating found git in: "git"
2023-05-07 20:40:53.907 [info] Using git "2.40.1" from "git"
2023-05-07 20:41:13.818 [info] Log level: Info
2023-05-07 20:41:13.818 [info] Validating found git in: "git"
2023-05-07 20:41:13.818 [info] Using git "2.40.1" from "git"
2023-05-07 20:41:13.818 [info] > git rev-parse --show-toplevel [5ms]
2023-05-07 20:41:13.828 [info] > git rev-parse --git-dir --git-common-dir [4ms]
2023-05-07 20:41:13.848 [info] Open repository: /home/emmanuel/Documents/Code/safe-api
2023-05-07 20:41:13.873 [info] > git rev-parse --show-toplevel [12ms]
2023-05-07 20:41:13.884 [info] > git rev-parse --show-toplevel [5ms]
2023-05-07 20:41:13.891 [info] > git config --get commit.template [18ms]
2023-05-07 20:41:13.894 [info] > git rev-parse --show-toplevel [4ms]
2023-05-07 20:41:13.907 [info] > git for-each-ref --format=%(refname)%00%(upstream:short)%00%(objectname)%00%(upstream:track)%00%(upstream:remotename)%00%(upstream:remoteref) refs/heads/master refs/remotes/master [1ms]
2023-05-07 20:41:13.914 [info] > git rev-parse --show-toplevel [14ms]
2023-05-07 20:41:13.920 [info] > git status -z -uall [6ms]
2023-05-07 20:41:13.935 [info] > git rev-parse --show-toplevel [16ms]
2023-05-07 20:41:13.945 [info] > git rev-parse --show-toplevel [4ms]
2023-05-07 20:41:13.955 [info] > git config --get commit.template [20ms]
2023-05-07 20:41:13.957 [info] > git rev-parse --show-toplevel [3ms]
2023-05-07 20:41:13.970 [info] > git for-each-ref --format=%(refname)%00%(upstream:short)%00%(objectname)%00%(upstream:track)%00%(upstream:remotename)%00%(upstream:remoteref) refs/heads/master refs/remotes/master [1ms]
2023-05-07 20:41:13.981 [info] > git status -z -uall [2ms]
2023-05-07 20:41:14.407 [info] > git check-ignore -v -z --stdin [4ms]
2023-05-07 20:42:26.566 [info] > git check-ignore -v -z --stdin [2ms]
2023-05-07 20:43:01.273 [info] > git check-ignore -v -z --stdin [2ms]
2023-05-07 20:43:03.290 [info] > git show --textconv :requirements/requirements.txt [8ms]
2023-05-07 20:43:03.292 [info] > git ls-files --stage -- /home/emmanuel/Documents/Code/safe-api/requirements/requirements.txt [3ms]
2023-05-07 20:43:03.299 [info] > git cat-file -s 9c74e868eee46b2726997ec017701cac4e90f98b [1ms]
2023-05-07 20:43:13.802 [info] > git show --textconv :requirements/test-requirements.in [11ms]
2023-05-07 20:43:13.803 [info] > git ls-files --stage -- /home/emmanuel/Documents/Code/safe-api/requirements/test-requirements.in [5ms]
2023-05-07 20:43:13.809 [info] > git cat-file -s c530f5c1000d68e2455f1f466fbf3d8809bba0a8 [1ms]
2023-05-07 20:43:42.977 [info] > git check-ignore -v -z --stdin [2ms]
2023-05-07 20:43:48.752 [info] > git check-ignore -v -z --stdin [2ms]
2023-05-07 20:43:54.460 [info] > git show --textconv :.env [7ms]
2023-05-07 20:43:54.462 [info] > git ls-files --stage -- /home/emmanuel/Documents/Code/safe-api/.env [2ms]
2023-05-07 20:44:10.643 [info] > git show --textconv :Makefile [13ms]
2023-05-07 20:44:10.644 [info] > git ls-files --stage -- /home/emmanuel/Documents/Code/safe-api/Makefile [2ms]
2023-05-07 20:44:10.654 [info] > git cat-file -s 25d3c9e104a168c69954d5faea3a7494bc2bc0a4 [3ms]
2023-05-07 20:44:17.171 [info] > git show --textconv :setup.py [11ms]
2023-05-07 20:44:17.173 [info] > git ls-files --stage -- /home/emmanuel/Documents/Code/safe-api/setup.py [3ms]
2023-05-07 20:44:17.185 [info] > git cat-file -s 7f0e72e018149354806c238c9413fc42d67e7004 [4ms]
2023-05-07 20:44:18.175 [info] > git show --textconv :mypy.ini [7ms]
2023-05-07 20:44:18.176 [info] > git ls-files --stage -- /home/emmanuel/Documents/Code/safe-api/mypy.ini [2ms]
2023-05-07 20:44:18.187 [info] > git cat-file -s 0849575d91e8851edff02575e5d7a9c781c7a938 [1ms]
2023-05-07 20:44:27.422 [info] > git check-ignore -v -z --stdin [1ms]
2023-05-07 20:44:32.015 [info] > git check-ignore -v -z --stdin [2ms]
2023-05-07 20:44:52.874 [info] > git show --textconv :src/model/preprocessing.py [8ms]
2023-05-07 20:44:52.876 [info] > git ls-files --stage -- /home/emmanuel/Documents/Code/safe-api/src/model/preprocessing.py [3ms]
2023-05-07 20:44:52.882 [info] > git cat-file -s 9016d6c19bc988de21af009915b0b4721127a23b [1ms]
2023-05-07 20:46:14.741 [info] > git check-ignore -v -z --stdin [2ms]
2023-05-07 20:46:18.444 [info] > git check-ignore -v -z --stdin [2ms]
2023-05-07 20:46:21.255 [info] > git check-ignore -v -z --stdin [2ms]
2023-05-07 21:12:00.387 [info] > git config --get commit.template [3ms]
2023-05-07 21:12:00.397 [info] > git for-each-ref --format=%(refname)%00%(upstream:short)%00%(objectname)%00%(upstream:track)%00%(upstream:remotename)%00%(upstream:remoteref) refs/heads/master refs/remotes/master [2ms]
2023-05-07 21:12:00.404 [info] > git status -z -uall [2ms]
2023-05-07 21:14:29.601 [info] > git check-ignore -v -z --stdin [2ms]
2023-05-07 21:14:40.331 [info] > git ls-files --stage -- /home/emmanuel/Documents/Code/safe-api/src/model/output/model-resnet18.pth [1ms]
2023-05-07 21:14:40.340 [info] > git cat-file -s 121c6f85e3d8d1bec140d4948efd8b02dc2aa550 [1ms]
2023-05-07 21:14:40.657 [info] > git show --textconv :src/model/output/model-resnet18.pth [341ms]
2023-05-07 21:15:20.296 [info] > git check-ignore -v -z --stdin [3ms]
2023-05-07 21:15:22.245 [info] > git show --textconv :src/app/routers/users.py [18ms]
2023-05-07 21:15:22.248 [info] > git ls-files --stage -- /home/emmanuel/Documents/Code/safe-api/src/app/routers/users.py [3ms]
2023-05-07 21:15:22.261 [info] > git cat-file -s 5b43e792e84dee4147bdd6047f3b5f10b3851a4c [2ms]
2023-05-07 21:15:41.151 [info] > git config --get commit.template [2ms]
2023-05-07 21:15:41.160 [info] > git for-each-ref --format=%(refname)%00%(upstream:short)%00%(objectname)%00%(upstream:track)%00%(upstream:remotename)%00%(upstream:remoteref) refs/heads/master refs/remotes/master [1ms]
2023-05-07 21:15:41.169 [info] > git status -z -uall [2ms]
2023-05-07 21:21:37.479 [info] > git check-ignore -v -z --stdin [1ms]
2023-05-07 21:23:22.400 [info] > git show --textconv :src/app/deps.py [9ms]
2023-05-07 21:23:22.402 [info] > git ls-files --stage -- /home/emmanuel/Documents/Code/safe-api/src/app/deps.py [2ms]
2023-05-07 21:23:22.412 [info] > git cat-file -s 2137718c03fd985ad1d232b2714cfc90b46b0075 [1ms]
2023-05-07 21:23:25.556 [info] > git show --textconv :src/app/config.py [9ms]
2023-05-07 21:23:25.558 [info] > git ls-files --stage -- /home/emmanuel/Documents/Code/safe-api/src/app/config.py [4ms]
2023-05-07 21:23:25.566 [info] > git cat-file -s 16a1e0126ed7d8fc23d45114d61ec2a4af34ed30 [2ms]
2023-05-07 21:23:35.085 [info] > git show --textconv :src/app/routers/admin.py [10ms]
2023-05-07 21:23:35.087 [info] > git ls-files --stage -- /home/emmanuel/Documents/Code/safe-api/src/app/routers/admin.py [2ms]
2023-05-07 21:23:35.099 [info] > git cat-file -s 4365284f9dc0280b0a49a41214b69b5a2ce51ce2 [3ms]
