2023-05-08 14:44:32.309 [info] Log level: Info
2023-05-08 14:44:32.309 [info] Validating found git in: "git"
2023-05-08 14:44:32.309 [info] Using git "2.40.1" from "git"
2023-05-08 14:44:32.309 [info] > git rev-parse --show-toplevel [7ms]
2023-05-08 14:44:32.326 [info] > git rev-parse --git-dir --git-common-dir [8ms]
2023-05-08 14:44:32.348 [info] Open repository: /home/emmanuel/Documents/Code/todo-list
2023-05-08 14:44:32.391 [info] > git rev-parse --show-toplevel [31ms]
2023-05-08 14:44:32.418 [info] > git rev-parse --show-toplevel [15ms]
2023-05-08 14:44:32.422 [info] > git config --get commit.template [32ms]
2023-05-08 14:44:32.468 [info] No remotes found in the git config file.
2023-05-08 14:44:32.494 [info] > git for-each-ref --format=%(refname)%00%(upstream:short)%00%(objectname)%00%(upstream:track)%00%(upstream:remotename)%00%(upstream:remoteref) refs/heads/master refs/remotes/master [29ms]
2023-05-08 14:44:32.538 [info] > git status -z -uall [4ms]
2023-05-08 14:44:32.591 [info] No remotes found in the git config file.
2023-05-08 14:44:32.602 [info] > git for-each-ref --format=%(refname)%00%(upstream:short)%00%(objectname)%00%(upstream:track)%00%(upstream:remotename)%00%(upstream:remoteref) refs/heads/master refs/remotes/master [11ms]
2023-05-08 14:44:32.603 [info] > git config --get commit.template [34ms]
2023-05-08 14:44:32.627 [info] > git status -z -uall [2ms]
2023-05-08 14:44:32.888 [info] > git check-ignore -v -z --stdin [8ms]
2023-05-08 14:44:33.327 [info] > git show --textconv :main.js [7ms]
2023-05-08 14:44:33.329 [info] > git ls-files --stage -- /home/emmanuel/Documents/Code/todo-list/main.js [2ms]
2023-05-08 14:44:33.336 [info] > git cat-file -s d3c5b09ae7ca05f5f73cf01902344d0803eea54e [1ms]
2023-05-08 14:46:17.484 [info] > git config --get commit.template [2ms]
2023-05-08 14:46:17.494 [info] No remotes found in the git config file.
2023-05-08 14:46:17.495 [info] > git for-each-ref --format=%(refname)%00%(upstream:short)%00%(objectname)%00%(upstream:track)%00%(upstream:remotename)%00%(upstream:remoteref) refs/heads/master refs/remotes/master [2ms]
2023-05-08 14:46:17.503 [info] > git status -z -uall [1ms]
2023-05-08 14:47:23.809 [info] > git config --get commit.template [2ms]
2023-05-08 14:47:23.818 [info] No remotes found in the git config file.
2023-05-08 14:47:23.821 [info] > git for-each-ref --format=%(refname)%00%(upstream:short)%00%(objectname)%00%(upstream:track)%00%(upstream:remotename)%00%(upstream:remoteref) refs/heads/master refs/remotes/master [4ms]
2023-05-08 14:47:23.829 [info] > git status -z -uall [1ms]
2023-05-08 14:58:32.841 [info] > git show --textconv :index.html [7ms]
2023-05-08 14:58:32.842 [info] > git ls-files --stage -- /home/emmanuel/Documents/Code/todo-list/index.html [3ms]
2023-05-08 14:58:32.848 [info] > git cat-file -s cd0f6e76b68eea5dcdccfa7ac4560b72262a49e6 [1ms]
